0000 E5 ORG $4000
4000 E1 EQU $3FF0
4000  LDAA #20 IMM 2 86 14
4002  LDAA %101 DIR 2 96 05
4004  LDAA 7,SP IDX 2 A6 87
4006  LDAA -16,SP IDX 2 A6 90
4008  LDAA 34,PC IDX1 3 A6 f8 22
400b  LDAA 16,SP IDX1 3 A6 f0 10
400e  LDAA 256,SP IDX2 4 A6 f2 0100
4012  LDAA [16,SP] [IDX2] 4 A6 f3 0010
4016  LDAA [256,SP] [IDX2] 4 A6 f3 0100
401a  LDAA [-256,SP] [IDX2] 4 ERROR
401e  IBNE A,E4 REL 3 04 A015
4021  JMP E4 EXT 3 06 4036
4024  JMP E5 EXT 3 06 0000
4027  BNE E4 REL 2 26 0d
4029  BNE E5 REL 2 ERROR
402b  BSZ 5 LI=5 00 00 00 00 00 
4030  FILL 4,6 LI=6 04 04 04 04 04 04 
4036 E4 START
0000  BSZ 6 LI=6 00 00 00 00 00 00 
0006  END 