0000  START
0000  ABA INH 2 1806
0002 VAR2 ADCA #@30 IMM 2 89 18
0004  ORG $4000
4000  ABA INH 2 1806
4002 INI EQU 30
4002  ADCA 30 DIR 2 99 1e
4004  ADCA 300 EXT 3 B9 012c
4007 PUERTA EQU $1000
4007 VAR1 EQU 100
4007  ADDD #15 IMM 3 C3 000f
400a  ADDD 15 DIR 2 D3 0f
400c  BNE INI REL 2 ERROR
400e  BNE FIN REL 2 26 13
4010  DBEQ A,INI REL 3 ERROR
4013  DBEQ B,INI REL 3 ERROR
4016  DBEQ B,FIN REL 3 04 04010a
4019  LBNE VAR2 REL 4 1826 bfe5
401d  DC.B 5,5 LI=2 05 05 
401f  DC.W 10,10 LI=4 000a 000a 
4023 FIN END 